z:\cs553\samplew\debug\sample.obj
z:\cs553\samplew\debug\vc100.pdb
z:\cs553~1\samplew\debug\sample.obj
z:\cs553~1\samplew\debug\vc100.pdb
k:\cs550\sample\debug\sample.obj
k:\cs550\sample\debug\vc100.pdb
k:\cs550\samplefreeglut\debug\sample.obj
k:\cs550\samplefreeglut\debug\vc100.pdb
z:\cs553\samplew\debug\sample.exe
z:\cs553\samplew\debug\sample.exe.intermediate.manifest
z:\cs553\samplew\debug\sample.pdb
z:\cs553~1\samplew\debug\sample.exe
z:\cs553~1\samplew\debug\sample.exe.intermediate.manifest
z:\cs553~1\samplew\debug\sample.pdb
k:\cs550\sample\debug\sample.exe
k:\cs550\sample\debug\sample.exe.intermediate.manifest
k:\cs550\sample\debug\sample.pdb
k:\cs550\samplefreeglut\debug\sample.exe
k:\cs550\samplefreeglut\debug\sample.exe.intermediate.manifest
k:\cs550\samplefreeglut\debug\sample.pdb
c:\users\gavin\desktop\cs 550\project #6\debug\sample.vcxprojresolveassemblyreference.cache
c:\users\gavin\desktop\cs 550\project #6\debug\sample.obj
c:\users\gavin\desktop\cs 550\project #6\debug\rcx8059.tmp
c:\users\gavin\desktop\cs 550\project #6\debug\rcxa0e6.tmp
c:\users\gavin\desktop\cs 550\project #6\debug\rcxa184.tmp
c:\users\gavin\desktop\cs 550\project #6\debug\cl.command.1.tlog
c:\users\gavin\desktop\cs 550\project #6\debug\cl.read.1.tlog
c:\users\gavin\desktop\cs 550\project #6\debug\cl.write.1.tlog
c:\users\gavin\desktop\cs 550\project #6\debug\link.command.1.tlog
c:\users\gavin\desktop\cs 550\project #6\debug\link.read.1.tlog
c:\users\gavin\desktop\cs 550\project #6\debug\link.write.1.tlog
c:\users\gavin\desktop\cs 550\project #6\debug\mt.command.1.tlog
c:\users\gavin\desktop\cs 550\project #6\debug\mt.read.1.tlog
c:\users\gavin\desktop\cs 550\project #6\debug\mt.write.1.tlog
c:\users\gavin\desktop\cs 550\project #6\debug\sample.write.1.tlog
c:\users\gavin\desktop\cs 550\project #6\debug\sample.exe.intermediate.manifest
c:\users\gavin\desktop\cs 550\project #6\debug\sample.pch
c:\users\gavin\desktop\cs 550\project #6\debug\vc100.idb
c:\users\gavin\desktop\cs 550\project #6\debug\vc60.idb
c:\users\gavin\desktop\cs 550\project #6\debug\vc70.idb
c:\users\gavin\desktop\cs 550\project #6\debug\vc80.idb
c:\users\gavin\desktop\cs 550\project #6\debug\vc90.idb
c:\users\gavin\desktop\cs 550\project #6\debug\sample.pdb
c:\users\gavin\desktop\cs 550\project #6\debug\vc100.pdb
c:\users\gavin\desktop\cs 550\project #6\debug\vc70.pdb
c:\users\gavin\desktop\cs 550\project #6\debug\vc80.pdb
c:\users\gavin\desktop\cs 550\project #6\debug\vc90.pdb
c:\users\gavin\desktop\cs 550\project #6\.\debug\sample.exe
c:\users\gavin\desktop\cs 550\project #6\.\debug\sample.exe.intermediate.manifest
